<?xml version="1.0" encoding="UTF-8"?>
<testsuites name="Git Test Suite" time="4" tests="0" failures="0" errors="0">
   <testsuite name="Git Test Suite" tests="0" failures="0" errors="0" time="4" timestamp="2020-02-23 15:37:09" hostname="maste - Emmanuel25" id="Test Suites/Git Test Suite">
      <properties>
         <property name="deviceName" value=""/>
         <property name="devicePlatform" value=""/>
         <property name="logFolder" value="C:\\Users\\maste\\git\\KatalonGitTest\\Reports\\Git Test Suite\\20200223_153621"/>
         <property name="logFiles" value="C:\\Users\\maste\\git\\KatalonGitTest\\Reports\\Git Test Suite\\20200223_153621\\execution0.log"/>
         <property name="attachments" value=""/>
         <property name="hostName" value="maste - Emmanuel25"/>
         <property name="hostAddress" value="192.168.56.1"/>
         <property name="os" value="Windows 10 64bit"/>
         <property name="katalonVersion" value="6.0.6.4"/>
      </properties>
      <system-out><![CDATA[2020-02-23 15:37:09 - [TEST_SUITE][PASSED] - Git Test Suite: null]]></system-out>
      <system-err><![CDATA[]]></system-err>
   </testsuite>
</testsuites>
